<?xml version="1.0" encoding="UTF-8"?>
<testng-results skipped="0" failed="0" ignored="0" total="1" passed="1">
  <reporter-output>
  </reporter-output>
  <suite name="Default suite" duration-ms="12500" started-at="2018-02-09T16:43:58Z" finished-at="2018-02-09T16:44:10Z">
    <groups>
    </groups>
    <test name="Default test" duration-ms="12500" started-at="2018-02-09T16:43:58Z" finished-at="2018-02-09T16:44:10Z">
      <class name="Tests.RegistrationPageTests">
        <test-method status="PASS" signature="startup()[pri:0, instance:Tests.RegistrationPageTests@47c62251]" name="startup" is-config="true" duration-ms="9201" started-at="2018-02-09T22:13:58Z" finished-at="2018-02-09T22:14:07Z">
          <reporter-output>
          </reporter-output>
        </test-method> <!-- startup -->
        <test-method status="PASS" signature="createRegObj()[pri:0, instance:Tests.RegistrationPageTests@47c62251]" name="createRegObj" is-config="true" duration-ms="46" started-at="2018-02-09T22:14:07Z" finished-at="2018-02-09T22:14:07Z">
          <reporter-output>
          </reporter-output>
        </test-method> <!-- createRegObj -->
        <test-method status="PASS" signature="fillAndSubmitRegistrationForm()[pri:1, instance:Tests.RegistrationPageTests@47c62251]" name="fillAndSubmitRegistrationForm" duration-ms="3220" started-at="2018-02-09T22:14:07Z" finished-at="2018-02-09T22:14:10Z">
          <reporter-output>
          </reporter-output>
        </test-method> <!-- fillAndSubmitRegistrationForm -->
      </class> <!-- Tests.RegistrationPageTests -->
    </test> <!-- Default test -->
  </suite> <!-- Default suite -->
</testng-results>
